{"level":"info","message":"Received a GET request for /courses?category=Programming&level=Beginner"}
{"level":"info","message":"Received a GET request for /courses?category=Programming&level=Beginner"}
{"level":"info","message":"Received a GET request for /courses?category=Programming&level=Beginner"}
{"level":"info","message":"Received a GET request for /courses?category=Programming&level=Beginner"}
{"level":"info","message":"Received a GET request for /courses?category=Programming&level=Beginner"}
{"level":"info","message":"Received a GET request for /courses?category=Programming&level=Beginner"}
{"level":"info","message":"Received a GET request for /courses?category=Programming&level=Beginner"}
{"level":"info","message":"Received a GET request for /courses?category=Programming&level=Beginner"}
{"level":"info","message":"Received a GET request for /courses?category=Programming&level=Beginner"}
{"level":"info","message":"Received a GET request for /courses?category=Programming&level=Beginner"}
{"level":"info","message":"Received a GET request for /courses?category=Programming&level=Beginner"}
{"level":"info","message":"Received a GET request for /courses?category=Programming&level=Beginner"}
{"level":"info","message":"Received a GET request for /courses?category=Programming&level=Beginner"}
{"level":"info","message":"Received a GET request for /courses?category=Programming&level=Beginner"}
{"level":"info","message":"Received a GET request for /courses?category=Programming&level=Beginner"}
{"level":"info","message":"Received a GET request for /courses?category=Programming&lvl=Beginner"}
{"level":"info","message":"Received a GET request for /courses?category=Programming&lvl=Beginner"}
{"level":"info","message":"Received a GET request for /courses?category=Programming&lvl=Beginner"}
{"level":"info","message":"Received a GET request for /courses?category=Programming&lvl=Beginner"}
{"level":"info","message":"Received a GET request for /courses?category=Programming&lvl=Beginner"}
{"level":"info","message":"Received a GET request for /courses?category=Programming&lvl=Beginner"}
{"level":"info","message":"Received a GET request for /courses?category=Programming&lvl=Beginner"}
{"level":"info","message":"Received a GET request for /courses?category=Programming&lvl=Beginner"}
{"level":"info","message":"Received a GET request for /courses?category=Programming&lvl=Beginner"}
{"level":"info","message":"Received a GET request for /courses?category=Programming&lvl=Beginner"}
{"level":"info","message":"Received a GET request for /courses?category=Programming&lvl=Beginner"}
{"level":"info","message":"Received a GET request for /courses?category=Programming&lvl=Beginner"}
{"level":"info","message":"Received a GET request for /courses?category=Programming&lvl=Beginner"}
{"level":"info","message":"Received a GET request for /courses?category=Programming&lvl=Beginner"}
{"level":"info","message":"Received a GET request for /courses?category=Programming&lvl=Beginner"}
{"level":"info","message":"Received a GET request for /courses?category=Programming&lvl=Beginner"}
{"level":"info","message":"Received a GET request for /courses?category=Programming&lvl=Beginner"}
{"level":"info","message":"Received a GET request for /courses?category=Programming&lvl=Beginner"}
{"level":"info","message":"Received a GET request for /courses?category=Programming&lvl=Beginner"}
{"level":"info","message":"Received a POST request for /login"}
{"level":"info","message":"Received a POST request for /login"}
{"level":"info","message":"Received a POST request for /login"}
{"level":"info","message":"Received a POST request for /login"}
{"level":"info","message":"Received a GET request for /courses?category=Programming&lvl=Beginner"}
{"level":"info","message":"Received a GET request for /courses?category=Programming&lvl=Beginner"}
{"level":"info","message":"Received a GET request for /courses?category=Programming&lvl=Beginner"}
{"level":"info","message":"Received a GET request for /courses"}
{"level":"info","message":"Received a GET request for /courses"}
{"level":"info","message":"Received a GET request for /courses/enroll"}
{"level":"info","message":"Received a POST request for /courses/enroll"}
{"level":"info","message":"Received a GET request for /courses/12"}
{"level":"info","message":"Received a GET request for /courses/12"}
{"level":"info","message":"Received a GET request for /courses/1"}
{"level":"info","message":"Received a GET request for /courses/delete/1"}
{"level":"info","message":"Received a DELETE request for /courses/delete/1"}
{"level":"info","message":"Received a DELETE request for /courses/delete/1"}
{"level":"info","message":"Received a DELETE request for /courses/delete/1"}
{"level":"info","message":"Received a POST request for /courses/add"}
{"level":"info","message":"Received a POST request for /courses/add"}
{"level":"info","message":"Received a POST request for /courses/add"}
{"level":"info","message":"Received a DELETE request for /courses/delete/1"}
{"level":"info","message":"Received a DELETE request for /courses/delete/4"}
{"level":"info","message":"Received a PUT request for /courses/5"}
{"level":"info","message":"Received a PUT request for /signup"}
{"level":"info","message":"Received a PUT request for /verify/test2342@gmail.com"}
{"level":"info","message":"Received a PUT request for /verify/test2342@gmail.com"}
{"level":"info","message":"Received a PUT request for /users/password/update"}
{"level":"info","message":"Received a PUT request for /users/password/update"}
{"level":"info","message":"Received a POST request for /login"}
{"level":"info","message":"Received a POST request for /login"}
{"level":"info","message":"Received a DELETE request for /users/delete"}
{"level":"info","message":"Received a DELETE request for /users/delete"}
{"level":"info","message":"Received a DELETE request for /users/delete"}
{"level":"info","message":"Received a GET request for /users"}
{"level":"info","message":"Received a GET request for /users"}
{"level":"info","message":"Received a GET request for /courses"}
{"level":"info","message":"Received a GET request for /users"}
{"level":"info","message":"Received a PUT request for /signup"}
{"level":"info","message":"Received a GET request for /users"}
{"level":"info","message":"Received a GET request for /courses"}
{"level":"info","message":"Received a POST request for /courses/enroll"}
{"level":"info","message":"Received a GET request for /courses/14"}
{"level":"info","message":"Received a POST request for /courses/add"}
{"level":"info","message":"Received a DELETE request for /courses/delete/5"}
{"level":"info","message":"Received a DELETE request for /courses/delete/5"}
{"level":"info","message":"Received a PUT request for /courses/5"}
{"level":"info","message":"Received a DELETE request for /courses/delete/6"}
{"level":"info","message":"Received a DELETE request for /courses/delete/6"}
{"level":"info","message":"Received a POST request for /login"}
{"level":"info","message":"Received a GET request for /users"}
{"level":"info","message":"Received a GET request for /users"}
{"level":"info","message":"Received a GET request for /courses"}
{"level":"info","message":"Received a PATCH request for /verify/test2342@gmail.com"}
{"level":"info","message":"Received a GET request for /users"}
{"level":"info","message":"Received a GET request for /"}
{"level":"info","message":"Received a GET request for /"}
{"level":"info","message":"Received a GET request for /"}
{"level":"info","message":"Received a GET request for /"}
{"level":"info","message":"Received a GET request for /"}
